<?xml version="1.0" encoding="UTF-8" ?>
<testsuite tests="5" failures="0" name="com.springapp.mvc.controller.HelloControllerTests" time="0.971" errors="0" skipped="0">
  <properties>
[...]
</properties>
  <testcase classname="com.springapp.mvc.controller.HelloControllerTests" name="addShopErrors" time="0.171"/>
  <testcase classname="com.springapp.mvc.controller.HelloControllerTests" name="simple" time="0.016"/>
  <testcase classname="com.springapp.mvc.controller.HelloControllerTests" name="addShopSuccess" time="0.047"/>
  <testcase classname="com.springapp.mvc.controller.HelloControllerTests" name="add" time="0.016"/>
  <testcase classname="com.springapp.mvc.controller.HelloControllerTests" name="shop" time="0.015"/>
</testsuite>